<?xml version="1.0" encoding="utf-8"?><testsuites><testsuite name="pytest" errors="0" failures="0" skipped="0" tests="35" time="0.881" timestamp="2025-02-18T00:45:10.404598+00:00" hostname="0cd6aa6ae2db"><testcase classname="healthymeals.users.tests.api.test_openapi" name="test_api_docs_accessible_by_admin" time="0.304" /><testcase classname="healthymeals.users.tests.api.test_openapi" name="test_api_docs_not_accessible_by_anonymous_users" time="0.048" /><testcase classname="healthymeals.users.tests.api.test_openapi" name="test_api_schema_generated_successfully" time="0.020" /><testcase classname="healthymeals.users.tests.api.test_urls" name="test_user_detail" time="0.012" /><testcase classname="healthymeals.users.tests.api.test_views.TestUserViewSet" name="test_get_queryset" time="0.004" /><testcase classname="healthymeals.users.tests.api.test_views.TestUserViewSet" name="test_me" time="0.003" /><testcase classname="healthymeals.users.tests.test_admin.TestUserAdmin" name="test_changelist" time="0.034" /><testcase classname="healthymeals.users.tests.test_admin.TestUserAdmin" name="test_search" time="0.015" /><testcase classname="healthymeals.users.tests.test_admin.TestUserAdmin" name="test_add" time="0.026" /><testcase classname="healthymeals.users.tests.test_admin.TestUserAdmin" name="test_view_user" time="0.033" /><testcase classname="healthymeals.users.tests.test_admin.TestUserAdmin" name="test_allauth_login" time="0.003" /><testcase classname="healthymeals.users.tests.test_forms.TestUserAdminCreationForm" name="test_username_validation_error_msg" time="0.004" /><testcase classname="healthymeals.users.tests.test_managers.TestUserManager" name="test_create_user" time="0.002" /><testcase classname="healthymeals.users.tests.test_managers.TestUserManager" name="test_create_superuser" time="0.002" /><testcase classname="healthymeals.users.tests.test_managers.TestUserManager" name="test_create_superuser_username_ignored" time="0.001" /><testcase classname="healthymeals.users.tests.test_managers" name="test_createsuperuser_command" time="0.008" /><testcase classname="healthymeals.users.tests.test_models" name="test_user_get_absolute_url" time="0.003" /><testcase classname="healthymeals.users.tests.test_tasks" name="test_user_count" time="0.059" /><testcase classname="healthymeals.users.tests.test_urls" name="test_detail" time="0.003" /><testcase classname="healthymeals.users.tests.test_views.TestUserUpdateView" name="test_get_success_url" time="0.003" /><testcase classname="healthymeals.users.tests.test_views.TestUserUpdateView" name="test_get_object" time="0.003" /><testcase classname="healthymeals.users.tests.test_views.TestUserUpdateView" name="test_form_valid" time="0.004" /><testcase classname="healthymeals.users.tests.test_views.TestUserRedirectView" name="test_get_redirect_url" time="0.003" /><testcase classname="healthymeals.users.tests.test_views.TestUserDetailView" name="test_authenticated" time="0.004" /><testcase classname="healthymeals.users.tests.test_views.TestUserDetailView" name="test_not_authenticated" time="0.004" /><testcase classname="healthymeals.users.tests.api.test_urls" name="test_user_list" time="0.001" /><testcase classname="healthymeals.users.tests.api.test_urls" name="test_user_me" time="0.001" /><testcase classname="healthymeals.users.tests.test_urls" name="test_update" time="0.001" /><testcase classname="healthymeals.users.tests.test_urls" name="test_redirect" time="0.001" /><testcase classname="tests.test_merge_production_dotenvs_in_dotenv" name="test_merge[input_contents0-]" time="0.001" /><testcase classname="tests.test_merge_production_dotenvs_in_dotenv" name="test_merge[input_contents1-\n]" time="0.001" /><testcase classname="tests.test_merge_production_dotenvs_in_dotenv" name="test_merge[input_contents2-JANE=doe\n]" time="0.001" /><testcase classname="tests.test_merge_production_dotenvs_in_dotenv" name="test_merge[input_contents3-SEP=true\nAR=ator\n]" time="0.001" /><testcase classname="tests.test_merge_production_dotenvs_in_dotenv" name="test_merge[input_contents4-A=0\nB=1\nC=2\n]" time="0.001" /><testcase classname="tests.test_merge_production_dotenvs_in_dotenv" name="test_merge[input_contents5-X=x\n\nY=y\nZ=z\n\n]" time="0.001" /></testsuite></testsuites>