<?xml version="1.0" encoding="utf-8"?><testsuites><testsuite name="pytest" errors="0" failures="0" skipped="0" tests="6" time="0.119" timestamp="2025-02-19T22:21:28.144314+00:00" hostname="add1d0f401a8"><testcase classname="tests.test_merge_production_dotenvs_in_dotenv" name="test_merge[input_contents0-]" time="0.040" /><testcase classname="tests.test_merge_production_dotenvs_in_dotenv" name="test_merge[input_contents1-\n]" time="0.001" /><testcase classname="tests.test_merge_production_dotenvs_in_dotenv" name="test_merge[input_contents2-JANE=doe\n]" time="0.001" /><testcase classname="tests.test_merge_production_dotenvs_in_dotenv" name="test_merge[input_contents3-SEP=true\nAR=ator\n]" time="0.001" /><testcase classname="tests.test_merge_production_dotenvs_in_dotenv" name="test_merge[input_contents4-A=0\nB=1\nC=2\n]" time="0.001" /><testcase classname="tests.test_merge_production_dotenvs_in_dotenv" name="test_merge[input_contents5-X=x\n\nY=y\nZ=z\n\n]" time="0.001" /></testsuite></testsuites>